<?xml version="1.0" encoding="UTF-8"?>
<coverage generated="1723481814823" clover="3.2.0">
  <project timestamp="1723481814823" name="All files">
    <metrics statements="30" coveredstatements="30" conditionals="6" coveredconditionals="5" methods="12" coveredmethods="12" elements="48" coveredelements="47" complexity="0" loc="30" ncloc="30" packages="1" files="2" classes="2"/>
    <file name="todo.tsx" path="/home/joseph/programming/to-do-list/src/components/todo.tsx">
      <metrics statements="10" coveredstatements="10" conditionals="0" coveredconditionals="0" methods="4" coveredmethods="4"/>
      <line num="6" count="2" type="stmt"/>
      <line num="7" count="42" type="stmt"/>
      <line num="8" count="42" type="stmt"/>
      <line num="10" count="42" type="stmt"/>
      <line num="11" count="6" type="stmt"/>
      <line num="12" count="6" type="stmt"/>
      <line num="13" count="6" type="stmt"/>
      <line num="16" count="42" type="stmt"/>
      <line num="26" count="34" type="stmt"/>
      <line num="34" count="95" type="stmt"/>
    </file>
    <file name="tododesign.tsx" path="/home/joseph/programming/to-do-list/src/components/tododesign.tsx">
      <metrics statements="20" coveredstatements="20" conditionals="6" coveredconditionals="5" methods="8" coveredmethods="8"/>
      <line num="13" count="3" type="stmt"/>
      <line num="14" count="103" type="stmt"/>
      <line num="15" count="103" type="stmt"/>
      <line num="16" count="103" type="stmt"/>
      <line num="18" count="103" type="stmt"/>
      <line num="20" count="103" type="stmt"/>
      <line num="21" count="1" type="stmt"/>
      <line num="24" count="103" type="stmt"/>
      <line num="25" count="1" type="stmt"/>
      <line num="29" count="103" type="stmt"/>
      <line num="30" count="1" type="stmt"/>
      <line num="35" count="103" type="stmt"/>
      <line num="36" count="1" type="stmt"/>
      <line num="37" count="1" type="cond" truecount="1" falsecount="1"/>
      <line num="38" count="1" type="stmt"/>
      <line num="42" count="1" type="stmt"/>
      <line num="43" count="1" type="stmt"/>
      <line num="47" count="103" type="stmt"/>
      <line num="56" count="4" type="stmt"/>
      <line num="66" count="1" type="stmt"/>
    </file>
  </project>
</coverage>
