{"/home/joseph/programming/to-do-list/src/components/todo.tsx": {"path":"/home/joseph/programming/to-do-list/src/components/todo.tsx","statementMap":{"0":{"start":{"line":6,"column":13},"end":{"line":42,"column":1}},"1":{"start":{"line":7,"column":25},"end":{"line":7,"column":45}},"2":{"start":{"line":8,"column":27},"end":{"line":8,"column":47}},"3":{"start":{"line":10,"column":20},"end":{"line":14,"column":5}},"4":{"start":{"line":11,"column":8},"end":{"line":11,"column":26}},"5":{"start":{"line":12,"column":8},"end":{"line":12,"column":62}},"6":{"start":{"line":13,"column":8},"end":{"line":13,"column":19}},"7":{"start":{"line":16,"column":4},"end":{"line":41,"column":6}},"8":{"start":{"line":26,"column":31},"end":{"line":26,"column":54}},"9":{"start":{"line":34,"column":20},"end":{"line":36,"column":26}}},"fnMap":{"0":{"name":"(anonymous_0)","decl":{"start":{"line":6,"column":13},"end":{"line":6,"column":14}},"loc":{"start":{"line":6,"column":19},"end":{"line":42,"column":1}},"line":6},"1":{"name":"(anonymous_1)","decl":{"start":{"line":10,"column":20},"end":{"line":10,"column":21}},"loc":{"start":{"line":10,"column":41},"end":{"line":14,"column":5}},"line":10},"2":{"name":"(anonymous_2)","decl":{"start":{"line":26,"column":26},"end":{"line":26,"column":27}},"loc":{"start":{"line":26,"column":31},"end":{"line":26,"column":54}},"line":26},"3":{"name":"(anonymous_3)","decl":{"start":{"line":33,"column":26},"end":{"line":33,"column":27}},"loc":{"start":{"line":34,"column":20},"end":{"line":36,"column":26}},"line":34}},"branchMap":{},"s":{"0":2,"1":42,"2":42,"3":42,"4":6,"5":6,"6":6,"7":42,"8":34,"9":95},"f":{"0":42,"1":6,"2":34,"3":95},"b":{},"_coverageSchema":"1a1c01bbd47fc00a2c39e90264f33305004495a9","hash":"428a6e41eda7230a4ee23708f6765c256444d849"}
,"/home/joseph/programming/to-do-list/src/components/tododesign.tsx": {"path":"/home/joseph/programming/to-do-list/src/components/tododesign.tsx","statementMap":{"0":{"start":{"line":13,"column":15},"end":{"line":72,"column":1}},"1":{"start":{"line":14,"column":25},"end":{"line":14,"column":52}},"2":{"start":{"line":15,"column":33},"end":{"line":15,"column":57}},"3":{"start":{"line":16,"column":26},"end":{"line":16,"column":50}},"4":{"start":{"line":18,"column":19},"end":{"line":18,"column":49}},"5":{"start":{"line":20,"column":21},"end":{"line":23,"column":5}},"6":{"start":{"line":21,"column":8},"end":{"line":21,"column":25}},"7":{"start":{"line":24,"column":23},"end":{"line":27,"column":5}},"8":{"start":{"line":25,"column":8},"end":{"line":25,"column":47}},"9":{"start":{"line":25,"column":35},"end":{"line":25,"column":45}},"10":{"start":{"line":29,"column":25},"end":{"line":31,"column":5}},"11":{"start":{"line":30,"column":8},"end":{"line":30,"column":22}},"12":{"start":{"line":35,"column":23},"end":{"line":45,"column":5}},"13":{"start":{"line":36,"column":8},"end":{"line":36,"column":26}},"14":{"start":{"line":37,"column":8},"end":{"line":40,"column":9}},"15":{"start":{"line":38,"column":12},"end":{"line":38,"column":36}},"16":{"start":{"line":42,"column":8},"end":{"line":42,"column":26}},"17":{"start":{"line":43,"column":8},"end":{"line":43,"column":22}},"18":{"start":{"line":47,"column":4},"end":{"line":71,"column":6}},"19":{"start":{"line":56,"column":38},"end":{"line":56,"column":61}},"20":{"start":{"line":66,"column":64},"end":{"line":66,"column":85}}},"fnMap":{"0":{"name":"(anonymous_0)","decl":{"start":{"line":13,"column":15},"end":{"line":13,"column":16}},"loc":{"start":{"line":13,"column":48},"end":{"line":72,"column":1}},"line":13},"1":{"name":"(anonymous_1)","decl":{"start":{"line":20,"column":21},"end":{"line":20,"column":22}},"loc":{"start":{"line":20,"column":25},"end":{"line":23,"column":5}},"line":20},"2":{"name":"(anonymous_2)","decl":{"start":{"line":24,"column":23},"end":{"line":24,"column":24}},"loc":{"start":{"line":24,"column":36},"end":{"line":27,"column":5}},"line":24},"3":{"name":"(anonymous_3)","decl":{"start":{"line":25,"column":30},"end":{"line":25,"column":31}},"loc":{"start":{"line":25,"column":35},"end":{"line":25,"column":45}},"line":25},"4":{"name":"(anonymous_4)","decl":{"start":{"line":29,"column":25},"end":{"line":29,"column":26}},"loc":{"start":{"line":29,"column":29},"end":{"line":31,"column":5}},"line":29},"5":{"name":"(anonymous_5)","decl":{"start":{"line":35,"column":23},"end":{"line":35,"column":24}},"loc":{"start":{"line":35,"column":44},"end":{"line":45,"column":5}},"line":35},"6":{"name":"(anonymous_6)","decl":{"start":{"line":56,"column":33},"end":{"line":56,"column":34}},"loc":{"start":{"line":56,"column":38},"end":{"line":56,"column":61}},"line":56},"7":{"name":"(anonymous_7)","decl":{"start":{"line":66,"column":60},"end":{"line":66,"column":61}},"loc":{"start":{"line":66,"column":64},"end":{"line":66,"column":85}},"line":66}},"branchMap":{"0":{"loc":{"start":{"line":37,"column":8},"end":{"line":40,"column":9}},"type":"if","locations":[{"start":{"line":37,"column":8},"end":{"line":40,"column":9}},{"start":{},"end":{}}],"line":37},"1":{"loc":{"start":{"line":50,"column":17},"end":{"line":62,"column":13}},"type":"cond-expr","locations":[{"start":{"line":50,"column":30},"end":{"line":58,"column":23}},{"start":{"line":59,"column":16},"end":{"line":61,"column":111}}],"line":50},"2":{"loc":{"start":{"line":59,"column":16},"end":{"line":61,"column":111}},"type":"cond-expr","locations":[{"start":{"line":60,"column":16},"end":{"line":60,"column":59}},{"start":{"line":61,"column":16},"end":{"line":61,"column":111}}],"line":59}},"s":{"0":3,"1":103,"2":103,"3":103,"4":103,"5":103,"6":1,"7":103,"8":1,"9":1,"10":103,"11":1,"12":103,"13":1,"14":1,"15":1,"16":1,"17":1,"18":103,"19":4,"20":1},"f":{"0":103,"1":1,"2":1,"3":1,"4":1,"5":1,"6":4,"7":1},"b":{"0":[1,0],"1":[5,98],"2":[2,96]},"_coverageSchema":"1a1c01bbd47fc00a2c39e90264f33305004495a9","hash":"017e3be80f7c16eeedb905c39f7a73deef22a847"}
}
