TN:
SF:src/components/todo.tsx
FN:6,(anonymous_0)
FN:10,(anonymous_1)
FN:26,(anonymous_2)
FN:33,(anonymous_3)
FNF:4
FNH:4
FNDA:42,(anonymous_0)
FNDA:6,(anonymous_1)
FNDA:34,(anonymous_2)
FNDA:95,(anonymous_3)
DA:6,2
DA:7,42
DA:8,42
DA:10,42
DA:11,6
DA:12,6
DA:13,6
DA:16,42
DA:26,34
DA:34,95
LF:10
LH:10
BRF:0
BRH:0
end_of_record
TN:
SF:src/components/tododesign.tsx
FN:13,(anonymous_0)
FN:20,(anonymous_1)
FN:24,(anonymous_2)
FN:25,(anonymous_3)
FN:29,(anonymous_4)
FN:35,(anonymous_5)
FN:56,(anonymous_6)
FN:66,(anonymous_7)
FNF:8
FNH:8
FNDA:103,(anonymous_0)
FNDA:1,(anonymous_1)
FNDA:1,(anonymous_2)
FNDA:1,(anonymous_3)
FNDA:1,(anonymous_4)
FNDA:1,(anonymous_5)
FNDA:4,(anonymous_6)
FNDA:1,(anonymous_7)
DA:13,3
DA:14,103
DA:15,103
DA:16,103
DA:18,103
DA:20,103
DA:21,1
DA:24,103
DA:25,1
DA:29,103
DA:30,1
DA:35,103
DA:36,1
DA:37,1
DA:38,1
DA:42,1
DA:43,1
DA:47,103
DA:56,4
DA:66,1
LF:20
LH:20
BRDA:37,0,0,1
BRDA:37,0,1,0
BRDA:50,1,0,5
BRDA:50,1,1,98
BRDA:59,2,0,2
BRDA:59,2,1,96
BRF:6
BRH:5
end_of_record
